This file contains any messages produced by compilers while
running configure, to aid debugging if configure makes a mistake.

It was created by libxml2 configure 2.9.12, which was
generated by GNU Autoconf 2.69.  Invocation command line was

  $ ./configure --prefix=/usr/local --with-zlib=/usr

## --------- ##
## Platform. ##
## --------- ##

hostname = ip-172-31-42-25.eu-north-1.compute.internal
uname -m = x86_64
uname -r = 5.10.230-223.885.amzn2.x86_64
uname -s = Linux
uname -v = #1 SMP Tue Dec 3 14:36:00 UTC 2024

/usr/bin/uname -p = x86_64
/bin/uname -X     = unknown

/bin/arch              = x86_64
/usr/bin/arch -k       = unknown
/usr/convex/getsysinfo = unknown
/usr/bin/hostinfo      = unknown
/bin/machine           = unknown
/usr/bin/oslevel       = unknown
/bin/universe          = unknown

PATH: /usr/local/bin
PATH: /usr/bin
PATH: /usr/local/bin
PATH: /home/ec2-user/.rbenv/shims
PATH: /home/ec2-user/.rbenv/bin
PATH: /home/ec2-user/.rbenv/shims
PATH: /home/ec2-user/.rbenv/bin
PATH: /usr/local/bin
PATH: /usr/bin
PATH: /usr/local/bin
PATH: /home/ec2-user/.rbenv/shims
PATH: /home/ec2-user/.rbenv/bin
PATH: /home/ec2-user/.rbenv/shims
PATH: /home/ec2-user/.rbenv/bin
PATH: /usr/local/bin
PATH: /usr/bin
PATH: /usr/local/bin
PATH: /home/ec2-user/.rbenv/shims
PATH: /home/ec2-user/.rbenv/bin
PATH: /home/ec2-user/.rbenv/shims
PATH: /home/ec2-user/.rbenv/bin
PATH: /usr/local/bin
PATH: /usr/local/bin
PATH: /usr/bin
PATH: /usr/local/bin
PATH: /home/ec2-user/.rbenv/shims
PATH: /home/ec2-user/.rbenv/bin
PATH: /home/ec2-user/.rbenv/shims
PATH: /home/ec2-user/.rbenv/bin
PATH: /usr/local/bin
PATH: /usr/local/bin
PATH: /usr/local/bin
PATH: /usr/bin
PATH: /usr/local/bin
PATH: /home/ec2-user/.rbenv/shims
PATH: /home/ec2-user/.rbenv/bin
PATH: /home/ec2-user/.rbenv/shims
PATH: /home/ec2-user/.rbenv/bin
PATH: /usr/bin
PATH: /usr/local/bin
PATH: /home/ec2-user/.rbenv/shims
PATH: /home/ec2-user/.rbenv/bin
PATH: /home/ec2-user/.rbenv/shims
PATH: /home/ec2-user/.rbenv/bin
PATH: /home/ec2-user/.vscode-server/cli/servers/Stable-91fbdddc47bc9c09064bf7acf133d22631cbf083/server/bin/remote-cli
PATH: /home/ec2-user/.rbenv/shims
PATH: /home/ec2-user/.rbenv/bin
PATH: /home/ec2-user/.rbenv/shims
PATH: /home/ec2-user/.rbenv/bin
PATH: /home/ec2-user/.rbenv/shims
PATH: /home/ec2-user/.rbenv/bin
PATH: /home/ec2-user/.rbenv/shims
PATH: /home/ec2-user/.rbenv/bin
PATH: /home/ec2-user/.rbenv/shims
PATH: /home/ec2-user/.rbenv/bin
PATH: /home/ec2-user/.rbenv/shims
PATH: /home/ec2-user/.rbenv/bin
PATH: /home/ec2-user/.nvm/versions/node/v18.17.1-custom/bin
PATH: /home/ec2-user/.rbenv/shims
PATH: /home/ec2-user/.rbenv/bin
PATH: /home/ec2-user/.rbenv/shims
PATH: /home/ec2-user/.rbenv/bin
PATH: /usr/local/bin
PATH: /usr/bin
PATH: /usr/local/sbin
PATH: /usr/sbin
PATH: /home/ec2-user/.local/bin
PATH: /home/ec2-user/bin
PATH: /home/ec2-user/.local/bin
PATH: /home/ec2-user/bin


## ----------- ##
## Core tests. ##
## ----------- ##

configure:2510: checking whether to enable maintainer-specific portions of Makefiles
configure:2519: result: yes
configure:2566: checking build system type
configure:2580: result: x86_64-pc-linux-gnu
configure:2600: checking host system type
configure:2613: result: x86_64-pc-linux-gnu
configure:2693: checking for a BSD-compatible install
configure:2761: result: /usr/bin/install -c
configure:2772: checking whether build environment is sane
configure:2827: result: yes
configure:2978: checking for a thread-safe mkdir -p
configure:3017: result: /usr/bin/mkdir -p
configure:3024: checking for gawk
configure:3040: found /usr/bin/gawk
configure:3051: result: gawk
configure:3062: checking whether make sets $(MAKE)
configure:3084: result: yes
configure:3113: checking whether make supports nested variables
configure:3130: result: yes
configure:3271: checking whether make supports nested variables
configure:3288: result: yes
configure:3348: checking for gcc
configure:3364: found /usr/bin/gcc
configure:3375: result: gcc
configure:3604: checking for C compiler version
configure:3613: gcc --version >&5
gcc (GCC) 7.3.1 20180712 (Red Hat 7.3.1-17)
Copyright (C) 2017 Free Software Foundation, Inc.
This is free software; see the source for copying conditions.  There is NO
warranty; not even for MERCHANTABILITY or FITNESS FOR A PARTICULAR PURPOSE.

configure:3624: $? = 0
configure:3613: gcc -v >&5
Using built-in specs.
COLLECT_GCC=gcc
COLLECT_LTO_WRAPPER=/usr/libexec/gcc/x86_64-redhat-linux/7/lto-wrapper
Target: x86_64-redhat-linux
Configured with: ../configure --enable-bootstrap --enable-languages=c,c++,objc,obj-c++,fortran,ada,go,lto --prefix=/usr --mandir=/usr/share/man --infodir=/usr/share/info --with-bugurl=http://bugzilla.redhat.com/bugzilla --enable-shared --enable-threads=posix --enable-checking=release --enable-multilib --with-system-zlib --enable-__cxa_atexit --disable-libunwind-exceptions --enable-gnu-unique-object --enable-linker-build-id --with-gcc-major-version-only --with-linker-hash-style=gnu --enable-plugin --enable-initfini-array --with-isl --enable-libmpx --enable-libsanitizer --enable-gnu-indirect-function --enable-libcilkrts --enable-libatomic --enable-libquadmath --enable-libitm --with-tune=generic --with-arch_32=x86-64 --build=x86_64-redhat-linux
Thread model: posix
gcc version 7.3.1 20180712 (Red Hat 7.3.1-17) (GCC) 
configure:3624: $? = 0
configure:3613: gcc -V >&5
gcc: error: unrecognized command line option '-V'
gcc: fatal error: no input files
compilation terminated.
configure:3624: $? = 1
configure:3613: gcc -qversion >&5
gcc: error: unrecognized command line option '-qversion'; did you mean '--version'?
gcc: fatal error: no input files
compilation terminated.
configure:3624: $? = 1
configure:3644: checking whether the C compiler works
configure:3666: gcc    conftest.c  >&5
configure:3670: $? = 0
configure:3718: result: yes
configure:3721: checking for C compiler default output file name
configure:3723: result: a.out
configure:3729: checking for suffix of executables
configure:3736: gcc -o conftest    conftest.c  >&5
configure:3740: $? = 0
configure:3762: result: 
configure:3784: checking whether we are cross compiling
configure:3792: gcc -o conftest    conftest.c  >&5
configure:3796: $? = 0
configure:3803: ./conftest
configure:3807: $? = 0
configure:3822: result: no
configure:3827: checking for suffix of object files
configure:3849: gcc -c   conftest.c >&5
configure:3853: $? = 0
configure:3874: result: o
configure:3878: checking whether we are using the GNU C compiler
configure:3897: gcc -c   conftest.c >&5
configure:3897: $? = 0
configure:3906: result: yes
configure:3915: checking whether gcc accepts -g
configure:3935: gcc -c -g  conftest.c >&5
configure:3935: $? = 0
configure:3976: result: yes
configure:3993: checking for gcc option to accept ISO C89
configure:4056: gcc  -c -g -O2  conftest.c >&5
configure:4056: $? = 0
configure:4069: result: none needed
configure:4094: checking whether gcc understands -c and -o together
configure:4116: gcc -c conftest.c -o conftest2.o
configure:4119: $? = 0
configure:4116: gcc -c conftest.c -o conftest2.o
configure:4119: $? = 0
configure:4131: result: yes
configure:4151: checking whether make supports the include directive
configure:4166: make -f confmf.GNU && cat confinc.out
this is the am__doit target
configure:4169: $? = 0
configure:4188: result: yes (GNU style)
configure:4213: checking dependency style of gcc
configure:4324: result: gcc3
configure:4340: checking whether ln -s works
configure:4344: result: yes
configure:4357: checking how to run the C preprocessor
configure:4388: gcc -E  conftest.c
configure:4388: $? = 0
configure:4402: gcc -E  conftest.c
conftest.c:11:10: fatal error: ac_nonexistent.h: No such file or directory
 #include <ac_nonexistent.h>
          ^~~~~~~~~~~~~~~~~~
compilation terminated.
configure:4402: $? = 1
configure: failed program was:
| /* confdefs.h */
| #define PACKAGE_NAME "libxml2"
| #define PACKAGE_TARNAME "libxml2"
| #define PACKAGE_VERSION "2.9.12"
| #define PACKAGE_STRING "libxml2 2.9.12"
| #define PACKAGE_BUGREPORT ""
| #define PACKAGE_URL ""
| #define PACKAGE "libxml2"
| #define VERSION "2.9.12"
| /* end confdefs.h.  */
| #include <ac_nonexistent.h>
configure:4427: result: gcc -E
configure:4447: gcc -E  conftest.c
configure:4447: $? = 0
configure:4461: gcc -E  conftest.c
conftest.c:11:10: fatal error: ac_nonexistent.h: No such file or directory
 #include <ac_nonexistent.h>
          ^~~~~~~~~~~~~~~~~~
compilation terminated.
configure:4461: $? = 1
configure: failed program was:
| /* confdefs.h */
| #define PACKAGE_NAME "libxml2"
| #define PACKAGE_TARNAME "libxml2"
| #define PACKAGE_VERSION "2.9.12"
| #define PACKAGE_STRING "libxml2 2.9.12"
| #define PACKAGE_BUGREPORT ""
| #define PACKAGE_URL ""
| #define PACKAGE "libxml2"
| #define VERSION "2.9.12"
| /* end confdefs.h.  */
| #include <ac_nonexistent.h>
configure:4491: checking for mv
configure:4509: found /usr/bin/mv
configure:4522: result: /usr/bin/mv
configure:4532: checking for tar
configure:4550: found /usr/bin/tar
configure:4563: result: /usr/bin/tar
configure:4573: checking for perl
configure:4591: found /usr/bin/perl
configure:4604: result: /usr/bin/perl
configure:4614: checking for wget
configure:4632: found /usr/bin/wget
configure:4645: result: /usr/bin/wget
configure:4655: checking for xmllint
configure:4673: found /usr/local/bin/xmllint
configure:4686: result: /usr/local/bin/xmllint
configure:4696: checking for xsltproc
configure:4714: found /usr/bin/xsltproc
configure:4727: result: /usr/bin/xsltproc
configure:4789: checking for pkg-config
configure:4807: found /usr/bin/pkg-config
configure:4819: result: /usr/bin/pkg-config
configure:4844: checking pkg-config is at least version 0.9.0
configure:4847: result: yes
configure:4902: checking how to print strings
configure:4929: result: printf
configure:4950: checking for a sed that does not truncate output
configure:5014: result: /usr/bin/sed
configure:5032: checking for grep that handles long lines and -e
configure:5090: result: /usr/bin/grep
configure:5095: checking for egrep
configure:5157: result: /usr/bin/grep -E
configure:5162: checking for fgrep
configure:5224: result: /usr/bin/grep -F
configure:5259: checking for ld used by gcc
configure:5326: result: /usr/bin/ld
configure:5333: checking if the linker (/usr/bin/ld) is GNU ld
configure:5348: result: yes
configure:5360: checking for BSD- or MS-compatible name lister (nm)
configure:5414: result: /usr/bin/nm -B
configure:5544: checking the name lister (/usr/bin/nm -B) interface
configure:5551: gcc -c -g -O2  conftest.c >&5
configure:5554: /usr/bin/nm -B "conftest.o"
configure:5557: output
0000000000000000 B some_variable
configure:5564: result: BSD nm
configure:5568: checking the maximum length of command line arguments
configure:5699: result: 1966080
configure:5747: checking how to convert x86_64-pc-linux-gnu file names to x86_64-pc-linux-gnu format
configure:5787: result: func_convert_file_noop
configure:5794: checking how to convert x86_64-pc-linux-gnu file names to toolchain format
configure:5814: result: func_convert_file_noop
configure:5821: checking for /usr/bin/ld option to reload object files
configure:5828: result: -r
configure:5902: checking for objdump
configure:5918: found /usr/bin/objdump
configure:5929: result: objdump
configure:5961: checking how to recognize dependent libraries
configure:6161: result: pass_all
configure:6246: checking for dlltool
configure:6276: result: no
configure:6306: checking how to associate runtime and link libraries
configure:6333: result: printf %s\n
configure:6394: checking for ar
configure:6410: found /usr/bin/ar
configure:6421: result: ar
configure:6458: checking for archiver @FILE support
configure:6475: gcc -c -g -O2  conftest.c >&5
configure:6475: $? = 0
configure:6478: ar cru libconftest.a @conftest.lst >&5
configure:6481: $? = 0
configure:6486: ar cru libconftest.a @conftest.lst >&5
ar: conftest.o: No such file or directory
configure:6489: $? = 1
configure:6501: result: @
configure:6559: checking for strip
configure:6575: found /usr/bin/strip
configure:6586: result: strip
configure:6658: checking for ranlib
configure:6674: found /usr/bin/ranlib
configure:6685: result: ranlib
configure:6787: checking command to parse /usr/bin/nm -B output from gcc object
configure:6940: gcc -c -g -O2  conftest.c >&5
configure:6943: $? = 0
configure:6947: /usr/bin/nm -B conftest.o \| sed -n -e 's/^.*[ ]\([ABCDGIRSTW][ABCDGIRSTW]*\)[ ][ ]*\([_A-Za-z][_A-Za-z0-9]*\)$/\1 \2 \2/p' | sed '/ __gnu_lto/d' \> conftest.nm
configure:6950: $? = 0
configure:7016: gcc -o conftest -g -O2   conftest.c conftstm.o >&5
configure:7019: $? = 0
configure:7057: result: ok
configure:7104: checking for sysroot
configure:7134: result: no
configure:7141: checking for a working dd
configure:7179: result: /usr/bin/dd
configure:7183: checking how to truncate binary pipes
configure:7198: result: /usr/bin/dd bs=4096 count=1
configure:7334: gcc -c -g -O2  conftest.c >&5
configure:7337: $? = 0
configure:7527: checking for mt
configure:7557: result: no
configure:7577: checking if : is a manifest tool
configure:7583: : '-?'
configure:7591: result: no
configure:8264: checking for ANSI C header files
configure:8284: gcc -c -g -O2  conftest.c >&5
configure:8284: $? = 0
configure:8357: gcc -o conftest -g -O2   conftest.c  >&5
configure:8357: $? = 0
configure:8357: ./conftest
configure:8357: $? = 0
configure:8368: result: yes
configure:8381: checking for sys/types.h
configure:8381: gcc -c -g -O2  conftest.c >&5
configure:8381: $? = 0
configure:8381: result: yes
configure:8381: checking for sys/stat.h
configure:8381: gcc -c -g -O2  conftest.c >&5
configure:8381: $? = 0
configure:8381: result: yes
configure:8381: checking for stdlib.h
configure:8381: gcc -c -g -O2  conftest.c >&5
configure:8381: $? = 0
configure:8381: result: yes
configure:8381: checking for string.h
configure:8381: gcc -c -g -O2  conftest.c >&5
configure:8381: $? = 0
configure:8381: result: yes
configure:8381: checking for memory.h
configure:8381: gcc -c -g -O2  conftest.c >&5
configure:8381: $? = 0
configure:8381: result: yes
configure:8381: checking for strings.h
configure:8381: gcc -c -g -O2  conftest.c >&5
configure:8381: $? = 0
configure:8381: result: yes
configure:8381: checking for inttypes.h
configure:8381: gcc -c -g -O2  conftest.c >&5
configure:8381: $? = 0
configure:8381: result: yes
configure:8381: checking for stdint.h
configure:8381: gcc -c -g -O2  conftest.c >&5
configure:8381: $? = 0
configure:8381: result: yes
configure:8381: checking for unistd.h
configure:8381: gcc -c -g -O2  conftest.c >&5
configure:8381: $? = 0
configure:8381: result: yes
configure:8395: checking for dlfcn.h
configure:8395: gcc -c -g -O2  conftest.c >&5
configure:8395: $? = 0
configure:8395: result: yes
configure:8651: checking for objdir
configure:8666: result: .libs
configure:8930: checking if gcc supports -fno-rtti -fno-exceptions
configure:8948: gcc -c -g -O2  -fno-rtti -fno-exceptions conftest.c >&5
cc1: warning: command line option '-fno-rtti' is valid for C++/ObjC++ but not for C
configure:8952: $? = 0
configure:8965: result: no
configure:9323: checking for gcc option to produce PIC
configure:9330: result: -fPIC -DPIC
configure:9338: checking if gcc PIC flag -fPIC -DPIC works
configure:9356: gcc -c -g -O2  -fPIC -DPIC -DPIC conftest.c >&5
configure:9360: $? = 0
configure:9373: result: yes
configure:9402: checking if gcc static flag -static works
configure:9430: result: no
configure:9445: checking if gcc supports -c -o file.o
configure:9466: gcc -c -g -O2  -o out/conftest2.o conftest.c >&5
configure:9470: $? = 0
configure:9492: result: yes
configure:9500: checking if gcc supports -c -o file.o
configure:9547: result: yes
configure:9580: checking whether the gcc linker (/usr/bin/ld -m elf_x86_64) supports shared libraries
configure:10839: result: yes
configure:10876: checking whether -lc should be explicitly linked in
configure:10884: gcc -c -g -O2  conftest.c >&5
configure:10887: $? = 0
configure:10902: gcc -shared  -fPIC -DPIC conftest.o  -v -Wl,-soname -Wl,conftest -o conftest 2\>\&1 \| /usr/bin/grep  -lc  \>/dev/null 2\>\&1
configure:10905: $? = 0
configure:10919: result: no
configure:11079: checking dynamic linker characteristics
configure:11660: gcc -o conftest -g -O2   -Wl,-rpath -Wl,/foo conftest.c  >&5
configure:11660: $? = 0
configure:11900: result: GNU/Linux ld.so
configure:12022: checking how to hardcode library paths into programs
configure:12047: result: immediate
configure:12595: checking whether stripping libraries is possible
configure:12600: result: yes
configure:12635: checking if libtool supports shared libraries
configure:12637: result: yes
configure:12640: checking whether to build shared libraries
configure:12665: result: yes
configure:12668: checking whether to build static libraries
configure:12672: result: yes
configure:13268: checking zlib.h usability
configure:13268: gcc -c -g -O2  -I/usr/include conftest.c >&5
configure:13268: $? = 0
configure:13268: result: yes
configure:13268: checking zlib.h presence
configure:13268: gcc -E  -I/usr/include conftest.c
configure:13268: $? = 0
configure:13268: result: yes
configure:13268: checking for zlib.h
configure:13268: result: yes
configure:13273: checking for gzread in -lz
configure:13298: gcc -o conftest -g -O2  -I/usr/include  -L/usr/lib conftest.c -lz   >&5
configure:13298: $? = 0
configure:13307: result: yes
configure:13349: checking for LZMA
configure:13356: $PKG_CONFIG --exists --print-errors "liblzma"
configure:13359: $? = 0
configure:13373: $PKG_CONFIG --exists --print-errors "liblzma"
configure:13376: $? = 0
configure:13414: result: yes
configure:13498: checking for dirent.h that defines DIR
configure:13517: gcc -c -g -O2  conftest.c >&5
configure:13517: $? = 0
configure:13525: result: yes
configure:13538: checking for library containing opendir
configure:13569: gcc -o conftest -g -O2   -L/usr/lib conftest.c  >&5
configure:13569: $? = 0
configure:13586: result: none required
configure:13653: checking for ANSI C header files
configure:13757: result: yes
configure:13767: checking fcntl.h usability
configure:13767: gcc -c -g -O2  conftest.c >&5
configure:13767: $? = 0
configure:13767: result: yes
configure:13767: checking fcntl.h presence
configure:13767: gcc -E  conftest.c
configure:13767: $? = 0
configure:13767: result: yes
configure:13767: checking for fcntl.h
configure:13767: result: yes
configure:13779: checking for unistd.h
configure:13779: result: yes
configure:13791: checking ctype.h usability
configure:13791: gcc -c -g -O2  conftest.c >&5
configure:13791: $? = 0
configure:13791: result: yes
configure:13791: checking ctype.h presence
configure:13791: gcc -E  conftest.c
configure:13791: $? = 0
configure:13791: result: yes
configure:13791: checking for ctype.h
configure:13791: result: yes
configure:13803: checking dirent.h usability
configure:13803: gcc -c -g -O2  conftest.c >&5
configure:13803: $? = 0
configure:13803: result: yes
configure:13803: checking dirent.h presence
configure:13803: gcc -E  conftest.c
configure:13803: $? = 0
configure:13803: result: yes
configure:13803: checking for dirent.h
configure:13803: result: yes
configure:13815: checking errno.h usability
configure:13815: gcc -c -g -O2  conftest.c >&5
configure:13815: $? = 0
configure:13815: result: yes
configure:13815: checking errno.h presence
configure:13815: gcc -E  conftest.c
configure:13815: $? = 0
configure:13815: result: yes
configure:13815: checking for errno.h
configure:13815: result: yes
configure:13827: checking malloc.h usability
configure:13827: gcc -c -g -O2  conftest.c >&5
configure:13827: $? = 0
configure:13827: result: yes
configure:13827: checking malloc.h presence
configure:13827: gcc -E  conftest.c
configure:13827: $? = 0
configure:13827: result: yes
configure:13827: checking for malloc.h
configure:13827: result: yes
configure:13839: checking stdarg.h usability
configure:13839: gcc -c -g -O2  conftest.c >&5
configure:13839: $? = 0
configure:13839: result: yes
configure:13839: checking stdarg.h presence
configure:13839: gcc -E  conftest.c
configure:13839: $? = 0
configure:13839: result: yes
configure:13839: checking for stdarg.h
configure:13839: result: yes
configure:13851: checking for sys/stat.h
configure:13851: result: yes
configure:13863: checking for sys/types.h
configure:13863: result: yes
configure:13875: checking for stdint.h
configure:13875: result: yes
configure:13887: checking for inttypes.h
configure:13887: result: yes
configure:13899: checking time.h usability
configure:13899: gcc -c -g -O2  conftest.c >&5
configure:13899: $? = 0
configure:13899: result: yes
configure:13899: checking time.h presence
configure:13899: gcc -E  conftest.c
configure:13899: $? = 0
configure:13899: result: yes
configure:13899: checking for time.h
configure:13899: result: yes
configure:13911: checking math.h usability
configure:13911: gcc -c -g -O2  conftest.c >&5
configure:13911: $? = 0
configure:13911: result: yes
configure:13911: checking math.h presence
configure:13911: gcc -E  conftest.c
configure:13911: $? = 0
configure:13911: result: yes
configure:13911: checking for math.h
configure:13911: result: yes
configure:13923: checking limits.h usability
configure:13923: gcc -c -g -O2  conftest.c >&5
configure:13923: $? = 0
configure:13923: result: yes
configure:13923: checking limits.h presence
configure:13923: gcc -E  conftest.c
configure:13923: $? = 0
configure:13923: result: yes
configure:13923: checking for limits.h
configure:13923: result: yes
configure:13935: checking float.h usability
configure:13935: gcc -c -g -O2  conftest.c >&5
configure:13935: $? = 0
configure:13935: result: yes
configure:13935: checking float.h presence
configure:13935: gcc -E  conftest.c
configure:13935: $? = 0
configure:13935: result: yes
configure:13935: checking for float.h
configure:13935: result: yes
configure:13947: checking for stdlib.h
configure:13947: result: yes
configure:13959: checking for sys/socket.h
configure:13959: gcc -c -g -O2  conftest.c >&5
configure:13959: $? = 0
configure:13959: result: yes
configure:13975: checking for netinet/in.h
configure:13975: gcc -c -g -O2  conftest.c >&5
configure:13975: $? = 0
configure:13975: result: yes
configure:13991: checking for arpa/inet.h
configure:13991: gcc -c -g -O2  conftest.c >&5
configure:13991: $? = 0
configure:13991: result: yes
configure:14010: checking netdb.h usability
configure:14010: gcc -c -g -O2  conftest.c >&5
configure:14010: $? = 0
configure:14010: result: yes
configure:14010: checking netdb.h presence
configure:14010: gcc -E  conftest.c
configure:14010: $? = 0
configure:14010: result: yes
configure:14010: checking for netdb.h
configure:14010: result: yes
configure:14022: checking sys/time.h usability
configure:14022: gcc -c -g -O2  conftest.c >&5
configure:14022: $? = 0
configure:14022: result: yes
configure:14022: checking sys/time.h presence
configure:14022: gcc -E  conftest.c
configure:14022: $? = 0
configure:14022: result: yes
configure:14022: checking for sys/time.h
configure:14022: result: yes
configure:14034: checking sys/select.h usability
configure:14034: gcc -c -g -O2  conftest.c >&5
configure:14034: $? = 0
configure:14034: result: yes
configure:14034: checking sys/select.h presence
configure:14034: gcc -E  conftest.c
configure:14034: $? = 0
configure:14034: result: yes
configure:14034: checking for sys/select.h
configure:14034: result: yes
configure:14046: checking poll.h usability
configure:14046: gcc -c -g -O2  conftest.c >&5
configure:14046: $? = 0
configure:14046: result: yes
configure:14046: checking poll.h presence
configure:14046: gcc -E  conftest.c
configure:14046: $? = 0
configure:14046: result: yes
configure:14046: checking for poll.h
configure:14046: result: yes
configure:14058: checking sys/mman.h usability
configure:14058: gcc -c -g -O2  conftest.c >&5
configure:14058: $? = 0
configure:14058: result: yes
configure:14058: checking sys/mman.h presence
configure:14058: gcc -E  conftest.c
configure:14058: $? = 0
configure:14058: result: yes
configure:14058: checking for sys/mman.h
configure:14058: result: yes
configure:14070: checking sys/timeb.h usability
configure:14070: gcc -c -g -O2  conftest.c >&5
configure:14070: $? = 0
configure:14070: result: yes
configure:14070: checking sys/timeb.h presence
configure:14070: gcc -E  conftest.c
configure:14070: $? = 0
configure:14070: result: yes
configure:14070: checking for sys/timeb.h
configure:14070: result: yes
configure:14082: checking signal.h usability
configure:14082: gcc -c -g -O2  conftest.c >&5
configure:14082: $? = 0
configure:14082: result: yes
configure:14082: checking signal.h presence
configure:14082: gcc -E  conftest.c
configure:14082: $? = 0
configure:14082: result: yes
configure:14082: checking for signal.h
configure:14082: result: yes
configure:14094: checking for arpa/nameser.h
configure:14094: gcc -c -g -O2  conftest.c >&5
configure:14094: $? = 0
configure:14094: result: yes
configure:14110: checking for resolv.h
configure:14110: gcc -c -g -O2  conftest.c >&5
configure:14110: $? = 0
configure:14110: result: yes
configure:14132: checking dl.h usability
configure:14132: gcc -c -g -O2  conftest.c >&5
conftest.c:87:10: fatal error: dl.h: No such file or directory
 #include <dl.h>
          ^~~~~~
compilation terminated.
configure:14132: $? = 1
configure: failed program was:
| /* confdefs.h */
| #define PACKAGE_NAME "libxml2"
| #define PACKAGE_TARNAME "libxml2"
| #define PACKAGE_VERSION "2.9.12"
| #define PACKAGE_STRING "libxml2 2.9.12"
| #define PACKAGE_BUGREPORT ""
| #define PACKAGE_URL ""
| #define PACKAGE "libxml2"
| #define VERSION "2.9.12"
| #define STDC_HEADERS 1
| #define HAVE_SYS_TYPES_H 1
| #define HAVE_SYS_STAT_H 1
| #define HAVE_STDLIB_H 1
| #define HAVE_STRING_H 1
| #define HAVE_MEMORY_H 1
| #define HAVE_STRINGS_H 1
| #define HAVE_INTTYPES_H 1
| #define HAVE_STDINT_H 1
| #define HAVE_UNISTD_H 1
| #define HAVE_DLFCN_H 1
| #define LT_OBJDIR ".libs/"
| #define HAVE_ZLIB_H 1
| #define HAVE_DIRENT_H 1
| #define STDC_HEADERS 1
| #define HAVE_FCNTL_H 1
| #define HAVE_UNISTD_H 1
| #define HAVE_CTYPE_H 1
| #define HAVE_DIRENT_H 1
| #define HAVE_ERRNO_H 1
| #define HAVE_MALLOC_H 1
| #define HAVE_STDARG_H 1
| #define HAVE_SYS_STAT_H 1
| #define HAVE_SYS_TYPES_H 1
| #define HAVE_STDINT_H 1
| #define HAVE_INTTYPES_H 1
| #define HAVE_TIME_H 1
| #define HAVE_MATH_H 1
| #define HAVE_LIMITS_H 1
| #define HAVE_FLOAT_H 1
| #define HAVE_STDLIB_H 1
| #define HAVE_SYS_SOCKET_H 1
| #define HAVE_NETINET_IN_H 1
| #define HAVE_ARPA_INET_H 1
| #define HAVE_NETDB_H 1
| #define HAVE_SYS_TIME_H 1
| #define HAVE_SYS_SELECT_H 1
| #define HAVE_POLL_H 1
| #define HAVE_SYS_MMAN_H 1
| #define HAVE_SYS_TIMEB_H 1
| #define HAVE_SIGNAL_H 1
| #define HAVE_ARPA_NAMESER_H 1
| #define HAVE_RESOLV_H 1
| /* end confdefs.h.  */
| #include <stdio.h>
| #ifdef HAVE_SYS_TYPES_H
| # include <sys/types.h>
| #endif
| #ifdef HAVE_SYS_STAT_H
| # include <sys/stat.h>
| #endif
| #ifdef STDC_HEADERS
| # include <stdlib.h>
| # include <stddef.h>
| #else
| # ifdef HAVE_STDLIB_H
| #  include <stdlib.h>
| # endif
| #endif
| #ifdef HAVE_STRING_H
| # if !defined STDC_HEADERS && defined HAVE_MEMORY_H
| #  include <memory.h>
| # endif
| # include <string.h>
| #endif
| #ifdef HAVE_STRINGS_H
| # include <strings.h>
| #endif
| #ifdef HAVE_INTTYPES_H
| # include <inttypes.h>
| #endif
| #ifdef HAVE_STDINT_H
| # include <stdint.h>
| #endif
| #ifdef HAVE_UNISTD_H
| # include <unistd.h>
| #endif
| #include <dl.h>
configure:14132: result: no
configure:14132: checking dl.h presence
configure:14132: gcc -E  conftest.c
conftest.c:54:10: fatal error: dl.h: No such file or directory
 #include <dl.h>
          ^~~~~~
compilation terminated.
configure:14132: $? = 1
configure: failed program was:
| /* confdefs.h */
| #define PACKAGE_NAME "libxml2"
| #define PACKAGE_TARNAME "libxml2"
| #define PACKAGE_VERSION "2.9.12"
| #define PACKAGE_STRING "libxml2 2.9.12"
| #define PACKAGE_BUGREPORT ""
| #define PACKAGE_URL ""
| #define PACKAGE "libxml2"
| #define VERSION "2.9.12"
| #define STDC_HEADERS 1
| #define HAVE_SYS_TYPES_H 1
| #define HAVE_SYS_STAT_H 1
| #define HAVE_STDLIB_H 1
| #define HAVE_STRING_H 1
| #define HAVE_MEMORY_H 1
| #define HAVE_STRINGS_H 1
| #define HAVE_INTTYPES_H 1
| #define HAVE_STDINT_H 1
| #define HAVE_UNISTD_H 1
| #define HAVE_DLFCN_H 1
| #define LT_OBJDIR ".libs/"
| #define HAVE_ZLIB_H 1
| #define HAVE_DIRENT_H 1
| #define STDC_HEADERS 1
| #define HAVE_FCNTL_H 1
| #define HAVE_UNISTD_H 1
| #define HAVE_CTYPE_H 1
| #define HAVE_DIRENT_H 1
| #define HAVE_ERRNO_H 1
| #define HAVE_MALLOC_H 1
| #define HAVE_STDARG_H 1
| #define HAVE_SYS_STAT_H 1
| #define HAVE_SYS_TYPES_H 1
| #define HAVE_STDINT_H 1
| #define HAVE_INTTYPES_H 1
| #define HAVE_TIME_H 1
| #define HAVE_MATH_H 1
| #define HAVE_LIMITS_H 1
| #define HAVE_FLOAT_H 1
| #define HAVE_STDLIB_H 1
| #define HAVE_SYS_SOCKET_H 1
| #define HAVE_NETINET_IN_H 1
| #define HAVE_ARPA_INET_H 1
| #define HAVE_NETDB_H 1
| #define HAVE_SYS_TIME_H 1
| #define HAVE_SYS_SELECT_H 1
| #define HAVE_POLL_H 1
| #define HAVE_SYS_MMAN_H 1
| #define HAVE_SYS_TIMEB_H 1
| #define HAVE_SIGNAL_H 1
| #define HAVE_ARPA_NAMESER_H 1
| #define HAVE_RESOLV_H 1
| /* end confdefs.h.  */
| #include <dl.h>
configure:14132: result: no
configure:14132: checking for dl.h
configure:14132: result: no
configure:14144: checking for dlfcn.h
configure:14144: result: yes
configure:14158: checking for uint32_t
configure:14158: gcc -c -g -O2  conftest.c >&5
configure:14158: $? = 0
configure:14158: result: yes
configure:14178: checking for strftime
configure:14178: gcc -o conftest -g -O2   -L/usr/lib conftest.c  >&5
conftest.c:78:6: warning: conflicting types for built-in function 'strftime' [-Wbuiltin-declaration-mismatch]
 char strftime ();
      ^~~~~~~~
configure:14178: $? = 0
configure:14178: result: yes
configure:14234: checking for strftime
configure:14234: result: yes
configure:14234: checking for localtime
configure:14234: gcc -o conftest -g -O2   -L/usr/lib conftest.c  >&5
configure:14234: $? = 0
configure:14234: result: yes
configure:14234: checking for gettimeofday
configure:14234: gcc -o conftest -g -O2   -L/usr/lib conftest.c  >&5
configure:14234: $? = 0
configure:14234: result: yes
configure:14234: checking for ftime
configure:14234: gcc -o conftest -g -O2   -L/usr/lib conftest.c  >&5
configure:14234: $? = 0
configure:14234: result: yes
configure:14246: checking for stat
configure:14246: gcc -o conftest -g -O2   -L/usr/lib conftest.c  >&5
configure:14246: $? = 0
configure:14246: result: yes
configure:14246: checking for signal
configure:14246: gcc -o conftest -g -O2   -L/usr/lib conftest.c  >&5
configure:14246: $? = 0
configure:14246: result: yes
configure:14258: checking for rand
configure:14258: gcc -o conftest -g -O2   -L/usr/lib conftest.c  >&5
configure:14258: $? = 0
configure:14258: result: yes
configure:14258: checking for rand_r
configure:14258: gcc -o conftest -g -O2   -L/usr/lib conftest.c  >&5
configure:14258: $? = 0
configure:14258: result: yes
configure:14258: checking for srand
configure:14258: gcc -o conftest -g -O2   -L/usr/lib conftest.c  >&5
configure:14258: $? = 0
configure:14258: result: yes
configure:14258: checking for time
configure:14258: gcc -o conftest -g -O2   -L/usr/lib conftest.c  >&5
configure:14258: $? = 0
configure:14258: result: yes
configure:14270: checking for isascii
configure:14270: gcc -o conftest -g -O2   -L/usr/lib conftest.c  >&5
conftest.c:89:6: warning: conflicting types for built-in function 'isascii' [-Wbuiltin-declaration-mismatch]
 char isascii ();
      ^~~~~~~
configure:14270: $? = 0
configure:14270: result: yes
configure:14270: checking for mmap
configure:14270: gcc -o conftest -g -O2   -L/usr/lib conftest.c  >&5
configure:14270: $? = 0
configure:14270: result: yes
configure:14270: checking for munmap
configure:14270: gcc -o conftest -g -O2   -L/usr/lib conftest.c  >&5
configure:14270: $? = 0
configure:14270: result: yes
configure:14270: checking for putenv
configure:14270: gcc -o conftest -g -O2   -L/usr/lib conftest.c  >&5
configure:14270: $? = 0
configure:14270: result: yes
configure:14282: checking for va_copy
configure:14296: gcc -o conftest -g -O2   -L/usr/lib conftest.c  >&5
configure:14296: $? = 0
configure:14303: result: yes
configure:14340: checking whether va_list is an array type
configure:14353: gcc -c -g -O2  conftest.c >&5
configure: In function 'main':
configure:14349:34: error: cast specifies array type
 
                                  ^
configure: failed program was:
#line 14343 "configure"
#include "confdefs.h"

#include <stdarg.h>
void a(va_list * ap) {}
int main(void) {

va_list ap1, ap2; a(&ap1); ap2 = (va_list) ap1
; return 0; }
configure:14363: result: yes
configure:14371: checking for library containing gethostent
configure:14402: gcc -o conftest -g -O2   -L/usr/lib conftest.c  >&5
configure:14402: $? = 0
configure:14419: result: none required
configure:14427: checking for library containing setsockopt
configure:14458: gcc -o conftest -g -O2   -L/usr/lib conftest.c  >&5
configure:14458: $? = 0
configure:14475: result: none required
configure:14483: checking for library containing connect
configure:14514: gcc -o conftest -g -O2   -L/usr/lib conftest.c  >&5
configure:14514: $? = 0
configure:14531: result: none required
configure:14540: checking for type of socket length (socklen_t)
configure:14554: gcc -c -g -O2  conftest.c >&5
configure:14557: result: socklen_t *
configure:14626: checking for const gethostbyname() argument
configure:14639: gcc -o conftest -g -O2   -L/usr/lib conftest.c  >&5
configure:14639: $? = 0
configure:14646: result: yes
configure:14658: checking for const send() second argument
configure:14672: gcc -o conftest -g -O2   -L/usr/lib conftest.c  >&5
configure:14672: $? = 0
configure:14679: result: yes
configure:14691: checking whether __attribute__((destructor)) is accepted
configure:14703: gcc -c -g -O2  conftest.c >&5
configure:14706: result: yes
configure:14726: checking whether to enable IPv6
configure:14758: gcc -c -g -O2  conftest.c >&5
configure:14758: $? = 0
configure:14765: result: yes
configure:14774: checking struct sockaddr::ss_family
configure:14793: gcc -c -g -O2  conftest.c >&5
configure:14793: $? = 0
configure:14800: result: yes
configure:14845: checking for getaddrinfo
configure:14845: gcc -o conftest -g -O2   -L/usr/lib conftest.c  >&5
configure:14845: $? = 0
configure:14845: result: yes
configure:14906: checking for isnan
configure:14906: gcc -o conftest -g -O2   -L/usr/lib conftest.c  >&5
conftest.c:102:6: warning: conflicting types for built-in function 'isnan' [-Wbuiltin-declaration-mismatch]
 char isnan ();
      ^~~~~
configure:14906: $? = 0
configure:14906: result: yes
configure:14957: checking for isinf
configure:14957: gcc -o conftest -g -O2   -L/usr/lib conftest.c  >&5
conftest.c:103:6: warning: conflicting types for built-in function 'isinf' [-Wbuiltin-declaration-mismatch]
 char isinf ();
      ^~~~~
configure:14957: $? = 0
configure:14957: result: yes
configure:15274: checking for shl_load
configure:15274: gcc -o conftest -g -O2   -L/usr/lib conftest.c  >&5
/tmp/ccKevGu2.o: In function `main':
/home/ec2-user/Homenowa/libxml2-2.9.12/conftest.c:115: undefined reference to `shl_load'
collect2: error: ld returned 1 exit status
configure:15274: $? = 1
configure: failed program was:
| /* confdefs.h */
| #define PACKAGE_NAME "libxml2"
| #define PACKAGE_TARNAME "libxml2"
| #define PACKAGE_VERSION "2.9.12"
| #define PACKAGE_STRING "libxml2 2.9.12"
| #define PACKAGE_BUGREPORT ""
| #define PACKAGE_URL ""
| #define PACKAGE "libxml2"
| #define VERSION "2.9.12"
| #define STDC_HEADERS 1
| #define HAVE_SYS_TYPES_H 1
| #define HAVE_SYS_STAT_H 1
| #define HAVE_STDLIB_H 1
| #define HAVE_STRING_H 1
| #define HAVE_MEMORY_H 1
| #define HAVE_STRINGS_H 1
| #define HAVE_INTTYPES_H 1
| #define HAVE_STDINT_H 1
| #define HAVE_UNISTD_H 1
| #define HAVE_DLFCN_H 1
| #define LT_OBJDIR ".libs/"
| #define HAVE_ZLIB_H 1
| #define HAVE_DIRENT_H 1
| #define STDC_HEADERS 1
| #define HAVE_FCNTL_H 1
| #define HAVE_UNISTD_H 1
| #define HAVE_CTYPE_H 1
| #define HAVE_DIRENT_H 1
| #define HAVE_ERRNO_H 1
| #define HAVE_MALLOC_H 1
| #define HAVE_STDARG_H 1
| #define HAVE_SYS_STAT_H 1
| #define HAVE_SYS_TYPES_H 1
| #define HAVE_STDINT_H 1
| #define HAVE_INTTYPES_H 1
| #define HAVE_TIME_H 1
| #define HAVE_MATH_H 1
| #define HAVE_LIMITS_H 1
| #define HAVE_FLOAT_H 1
| #define HAVE_STDLIB_H 1
| #define HAVE_SYS_SOCKET_H 1
| #define HAVE_NETINET_IN_H 1
| #define HAVE_ARPA_INET_H 1
| #define HAVE_NETDB_H 1
| #define HAVE_SYS_TIME_H 1
| #define HAVE_SYS_SELECT_H 1
| #define HAVE_POLL_H 1
| #define HAVE_SYS_MMAN_H 1
| #define HAVE_SYS_TIMEB_H 1
| #define HAVE_SIGNAL_H 1
| #define HAVE_ARPA_NAMESER_H 1
| #define HAVE_RESOLV_H 1
| #define HAVE_DLFCN_H 1
| #define HAVE_STRFTIME 1
| #define HAVE_STRFTIME 1
| #define HAVE_LOCALTIME 1
| #define HAVE_GETTIMEOFDAY 1
| #define HAVE_FTIME 1
| #define HAVE_STAT 1
| #define HAVE_SIGNAL 1
| #define HAVE_RAND 1
| #define HAVE_RAND_R 1
| #define HAVE_SRAND 1
| #define HAVE_TIME 1
| #define HAVE_ISASCII 1
| #define HAVE_MMAP 1
| #define HAVE_MUNMAP 1
| #define HAVE_PUTENV 1
| #define HAVE_VA_COPY 1
| #define VA_LIST_IS_ARRAY 1
| #define XML_SOCKLEN_T socklen_t
| #define GETHOSTBYNAME_ARG_CAST /**/
| #define SEND_ARG2_CAST /**/
| #define HAVE_ATTRIBUTE_DESTRUCTOR 1
| #define ATTRIBUTE_DESTRUCTOR __attribute__((destructor))
| #define SUPPORT_IP6 /**/
| #define HAVE_GETADDRINFO /**/
| #define HAVE_ISNAN /**/
| #define HAVE_ISINF /**/
| /* end confdefs.h.  */
| /* Define shl_load to an innocuous variant, in case <limits.h> declares shl_load.
|    For example, HP-UX 11i <limits.h> declares gettimeofday.  */
| #define shl_load innocuous_shl_load
| 
| /* System header to define __stub macros and hopefully few prototypes,
|     which can conflict with char shl_load (); below.
|     Prefer <limits.h> to <assert.h> if __STDC__ is defined, since
|     <limits.h> exists even on freestanding compilers.  */
| 
| #ifdef __STDC__
| # include <limits.h>
| #else
| # include <assert.h>
| #endif
| 
| #undef shl_load
| 
| /* Override any GCC internal prototype to avoid an error.
|    Use char because int might match the return type of a GCC
|    builtin and then its argument prototype would still apply.  */
| #ifdef __cplusplus
| extern "C"
| #endif
| char shl_load ();
| /* The GNU C library defines this for functions which it implements
|     to always fail with ENOSYS.  Some functions are actually named
|     something starting with __ and the normal name is an alias.  */
| #if defined __stub_shl_load || defined __stub___shl_load
| choke me
| #endif
| 
| int
| main ()
| {
| return shl_load ();
|   ;
|   return 0;
| }
configure:15274: result: no
configure:15279: checking for shl_load in -ldld
configure:15304: gcc -o conftest -g -O2   -L/usr/lib conftest.c -ldld   >&5
/usr/bin/ld: cannot find -ldld
collect2: error: ld returned 1 exit status
configure:15304: $? = 1
configure: failed program was:
| /* confdefs.h */
| #define PACKAGE_NAME "libxml2"
| #define PACKAGE_TARNAME "libxml2"
| #define PACKAGE_VERSION "2.9.12"
| #define PACKAGE_STRING "libxml2 2.9.12"
| #define PACKAGE_BUGREPORT ""
| #define PACKAGE_URL ""
| #define PACKAGE "libxml2"
| #define VERSION "2.9.12"
| #define STDC_HEADERS 1
| #define HAVE_SYS_TYPES_H 1
| #define HAVE_SYS_STAT_H 1
| #define HAVE_STDLIB_H 1
| #define HAVE_STRING_H 1
| #define HAVE_MEMORY_H 1
| #define HAVE_STRINGS_H 1
| #define HAVE_INTTYPES_H 1
| #define HAVE_STDINT_H 1
| #define HAVE_UNISTD_H 1
| #define HAVE_DLFCN_H 1
| #define LT_OBJDIR ".libs/"
| #define HAVE_ZLIB_H 1
| #define HAVE_DIRENT_H 1
| #define STDC_HEADERS 1
| #define HAVE_FCNTL_H 1
| #define HAVE_UNISTD_H 1
| #define HAVE_CTYPE_H 1
| #define HAVE_DIRENT_H 1
| #define HAVE_ERRNO_H 1
| #define HAVE_MALLOC_H 1
| #define HAVE_STDARG_H 1
| #define HAVE_SYS_STAT_H 1
| #define HAVE_SYS_TYPES_H 1
| #define HAVE_STDINT_H 1
| #define HAVE_INTTYPES_H 1
| #define HAVE_TIME_H 1
| #define HAVE_MATH_H 1
| #define HAVE_LIMITS_H 1
| #define HAVE_FLOAT_H 1
| #define HAVE_STDLIB_H 1
| #define HAVE_SYS_SOCKET_H 1
| #define HAVE_NETINET_IN_H 1
| #define HAVE_ARPA_INET_H 1
| #define HAVE_NETDB_H 1
| #define HAVE_SYS_TIME_H 1
| #define HAVE_SYS_SELECT_H 1
| #define HAVE_POLL_H 1
| #define HAVE_SYS_MMAN_H 1
| #define HAVE_SYS_TIMEB_H 1
| #define HAVE_SIGNAL_H 1
| #define HAVE_ARPA_NAMESER_H 1
| #define HAVE_RESOLV_H 1
| #define HAVE_DLFCN_H 1
| #define HAVE_STRFTIME 1
| #define HAVE_STRFTIME 1
| #define HAVE_LOCALTIME 1
| #define HAVE_GETTIMEOFDAY 1
| #define HAVE_FTIME 1
| #define HAVE_STAT 1
| #define HAVE_SIGNAL 1
| #define HAVE_RAND 1
| #define HAVE_RAND_R 1
| #define HAVE_SRAND 1
| #define HAVE_TIME 1
| #define HAVE_ISASCII 1
| #define HAVE_MMAP 1
| #define HAVE_MUNMAP 1
| #define HAVE_PUTENV 1
| #define HAVE_VA_COPY 1
| #define VA_LIST_IS_ARRAY 1
| #define XML_SOCKLEN_T socklen_t
| #define GETHOSTBYNAME_ARG_CAST /**/
| #define SEND_ARG2_CAST /**/
| #define HAVE_ATTRIBUTE_DESTRUCTOR 1
| #define ATTRIBUTE_DESTRUCTOR __attribute__((destructor))
| #define SUPPORT_IP6 /**/
| #define HAVE_GETADDRINFO /**/
| #define HAVE_ISNAN /**/
| #define HAVE_ISINF /**/
| /* end confdefs.h.  */
| 
| /* Override any GCC internal prototype to avoid an error.
|    Use char because int might match the return type of a GCC
|    builtin and then its argument prototype would still apply.  */
| #ifdef __cplusplus
| extern "C"
| #endif
| char shl_load ();
| int
| main ()
| {
| return shl_load ();
|   ;
|   return 0;
| }
configure:15313: result: no
configure:15321: checking for dlopen
configure:15321: gcc -o conftest -g -O2   -L/usr/lib conftest.c  >&5
/tmp/ccgaSFp6.o: In function `main':
/home/ec2-user/Homenowa/libxml2-2.9.12/conftest.c:115: undefined reference to `dlopen'
collect2: error: ld returned 1 exit status
configure:15321: $? = 1
configure: failed program was:
| /* confdefs.h */
| #define PACKAGE_NAME "libxml2"
| #define PACKAGE_TARNAME "libxml2"
| #define PACKAGE_VERSION "2.9.12"
| #define PACKAGE_STRING "libxml2 2.9.12"
| #define PACKAGE_BUGREPORT ""
| #define PACKAGE_URL ""
| #define PACKAGE "libxml2"
| #define VERSION "2.9.12"
| #define STDC_HEADERS 1
| #define HAVE_SYS_TYPES_H 1
| #define HAVE_SYS_STAT_H 1
| #define HAVE_STDLIB_H 1
| #define HAVE_STRING_H 1
| #define HAVE_MEMORY_H 1
| #define HAVE_STRINGS_H 1
| #define HAVE_INTTYPES_H 1
| #define HAVE_STDINT_H 1
| #define HAVE_UNISTD_H 1
| #define HAVE_DLFCN_H 1
| #define LT_OBJDIR ".libs/"
| #define HAVE_ZLIB_H 1
| #define HAVE_DIRENT_H 1
| #define STDC_HEADERS 1
| #define HAVE_FCNTL_H 1
| #define HAVE_UNISTD_H 1
| #define HAVE_CTYPE_H 1
| #define HAVE_DIRENT_H 1
| #define HAVE_ERRNO_H 1
| #define HAVE_MALLOC_H 1
| #define HAVE_STDARG_H 1
| #define HAVE_SYS_STAT_H 1
| #define HAVE_SYS_TYPES_H 1
| #define HAVE_STDINT_H 1
| #define HAVE_INTTYPES_H 1
| #define HAVE_TIME_H 1
| #define HAVE_MATH_H 1
| #define HAVE_LIMITS_H 1
| #define HAVE_FLOAT_H 1
| #define HAVE_STDLIB_H 1
| #define HAVE_SYS_SOCKET_H 1
| #define HAVE_NETINET_IN_H 1
| #define HAVE_ARPA_INET_H 1
| #define HAVE_NETDB_H 1
| #define HAVE_SYS_TIME_H 1
| #define HAVE_SYS_SELECT_H 1
| #define HAVE_POLL_H 1
| #define HAVE_SYS_MMAN_H 1
| #define HAVE_SYS_TIMEB_H 1
| #define HAVE_SIGNAL_H 1
| #define HAVE_ARPA_NAMESER_H 1
| #define HAVE_RESOLV_H 1
| #define HAVE_DLFCN_H 1
| #define HAVE_STRFTIME 1
| #define HAVE_STRFTIME 1
| #define HAVE_LOCALTIME 1
| #define HAVE_GETTIMEOFDAY 1
| #define HAVE_FTIME 1
| #define HAVE_STAT 1
| #define HAVE_SIGNAL 1
| #define HAVE_RAND 1
| #define HAVE_RAND_R 1
| #define HAVE_SRAND 1
| #define HAVE_TIME 1
| #define HAVE_ISASCII 1
| #define HAVE_MMAP 1
| #define HAVE_MUNMAP 1
| #define HAVE_PUTENV 1
| #define HAVE_VA_COPY 1
| #define VA_LIST_IS_ARRAY 1
| #define XML_SOCKLEN_T socklen_t
| #define GETHOSTBYNAME_ARG_CAST /**/
| #define SEND_ARG2_CAST /**/
| #define HAVE_ATTRIBUTE_DESTRUCTOR 1
| #define ATTRIBUTE_DESTRUCTOR __attribute__((destructor))
| #define SUPPORT_IP6 /**/
| #define HAVE_GETADDRINFO /**/
| #define HAVE_ISNAN /**/
| #define HAVE_ISINF /**/
| /* end confdefs.h.  */
| /* Define dlopen to an innocuous variant, in case <limits.h> declares dlopen.
|    For example, HP-UX 11i <limits.h> declares gettimeofday.  */
| #define dlopen innocuous_dlopen
| 
| /* System header to define __stub macros and hopefully few prototypes,
|     which can conflict with char dlopen (); below.
|     Prefer <limits.h> to <assert.h> if __STDC__ is defined, since
|     <limits.h> exists even on freestanding compilers.  */
| 
| #ifdef __STDC__
| # include <limits.h>
| #else
| # include <assert.h>
| #endif
| 
| #undef dlopen
| 
| /* Override any GCC internal prototype to avoid an error.
|    Use char because int might match the return type of a GCC
|    builtin and then its argument prototype would still apply.  */
| #ifdef __cplusplus
| extern "C"
| #endif
| char dlopen ();
| /* The GNU C library defines this for functions which it implements
|     to always fail with ENOSYS.  Some functions are actually named
|     something starting with __ and the normal name is an alias.  */
| #if defined __stub_dlopen || defined __stub___dlopen
| choke me
| #endif
| 
| int
| main ()
| {
| return dlopen ();
|   ;
|   return 0;
| }
configure:15321: result: no
configure:15326: checking for dlopen in -ldl
configure:15351: gcc -o conftest -g -O2   -L/usr/lib conftest.c -ldl   >&5
configure:15351: $? = 0
configure:15360: result: yes
configure:15479: checking pthread.h usability
configure:15479: gcc -c -g -O2  conftest.c >&5
configure:15479: $? = 0
configure:15479: result: yes
configure:15479: checking pthread.h presence
configure:15479: gcc -E  conftest.c
configure:15479: $? = 0
configure:15479: result: yes
configure:15479: checking for pthread.h
configure:15479: result: yes
configure:15481: checking for pthread_join in -lpthread
configure:15506: gcc -o conftest -g -O2   -L/usr/lib conftest.c -lpthread   >&5
configure:15506: $? = 0
configure:15515: result: yes
configure:16025: checking iconv.h usability
configure:16025: gcc -c -g -O2  conftest.c >&5
configure:16025: $? = 0
configure:16025: result: yes
configure:16025: checking iconv.h presence
configure:16025: gcc -E  conftest.c
configure:16025: $? = 0
configure:16025: result: yes
configure:16025: checking for iconv.h
configure:16025: result: yes
configure:16027: checking for iconv
configure:16043: gcc -o conftest -g -O2   -L/usr/lib conftest.c  >&5
configure:16043: $? = 0
configure:16045: result: yes
configure:16099: checking for iconv declaration
configure:16127: gcc -c -g -O2  conftest.c >&5
configure:16127: $? = 0
configure:16138: result: 
	extern size_t iconv (iconv_t cd,  char * *inbuf, size_t *inbytesleft, char * *outbuf, size_t *outbytesleft);
configure:16447: checking for printf
configure:16447: gcc -o conftest -g -O2   -L/usr/lib conftest.c  >&5
conftest.c:108:6: warning: conflicting types for built-in function 'printf' [-Wbuiltin-declaration-mismatch]
 char printf ();
      ^~~~~~
configure:16447: $? = 0
configure:16447: result: yes
configure:16447: checking for sprintf
configure:16447: gcc -o conftest -g -O2   -L/usr/lib conftest.c  >&5
conftest.c:109:6: warning: conflicting types for built-in function 'sprintf' [-Wbuiltin-declaration-mismatch]
 char sprintf ();
      ^~~~~~~
configure:16447: $? = 0
configure:16447: result: yes
configure:16447: checking for fprintf
configure:16447: gcc -o conftest -g -O2   -L/usr/lib conftest.c  >&5
conftest.c:110:6: warning: conflicting types for built-in function 'fprintf' [-Wbuiltin-declaration-mismatch]
 char fprintf ();
      ^~~~~~~
configure:16447: $? = 0
configure:16447: result: yes
configure:16447: checking for snprintf
configure:16447: gcc -o conftest -g -O2   -L/usr/lib conftest.c  >&5
conftest.c:111:6: warning: conflicting types for built-in function 'snprintf' [-Wbuiltin-declaration-mismatch]
 char snprintf ();
      ^~~~~~~~
configure:16447: $? = 0
configure:16447: result: yes
configure:16447: checking for vfprintf
configure:16447: gcc -o conftest -g -O2   -L/usr/lib conftest.c  >&5
conftest.c:112:6: warning: conflicting types for built-in function 'vfprintf' [-Wbuiltin-declaration-mismatch]
 char vfprintf ();
      ^~~~~~~~
configure:16447: $? = 0
configure:16447: result: yes
configure:16447: checking for vsprintf
configure:16447: gcc -o conftest -g -O2   -L/usr/lib conftest.c  >&5
conftest.c:113:6: warning: conflicting types for built-in function 'vsprintf' [-Wbuiltin-declaration-mismatch]
 char vsprintf ();
      ^~~~~~~~
configure:16447: $? = 0
configure:16447: result: yes
configure:16447: checking for vsnprintf
configure:16447: gcc -o conftest -g -O2   -L/usr/lib conftest.c  >&5
conftest.c:114:6: warning: conflicting types for built-in function 'vsnprintf' [-Wbuiltin-declaration-mismatch]
 char vsnprintf ();
      ^~~~~~~~~
configure:16447: $? = 0
configure:16447: result: yes
configure:16447: checking for sscanf
configure:16447: gcc -o conftest -g -O2   -L/usr/lib conftest.c  >&5
conftest.c:115:6: warning: conflicting types for built-in function 'sscanf' [-Wbuiltin-declaration-mismatch]
 char sscanf ();
      ^~~~~~
configure:16447: $? = 0
configure:16447: result: yes
configure:16618: checking that generated files are newer than configure
configure:16624: result: done
configure:16671: creating ./config.status

## ---------------------- ##
## Running config.status. ##
## ---------------------- ##

This file was extended by libxml2 config.status 2.9.12, which was
generated by GNU Autoconf 2.69.  Invocation command line was

  CONFIG_FILES    = 
  CONFIG_HEADERS  = 
  CONFIG_LINKS    = 
  CONFIG_COMMANDS = 
  $ ./config.status 

on ip-172-31-42-25.eu-north-1.compute.internal

config.status:1304: creating libxml2.spec
config.status:1304: creating Makefile
config.status:1304: creating include/Makefile
config.status:1304: creating include/libxml/Makefile
config.status:1304: creating doc/Makefile
config.status:1304: creating doc/examples/Makefile
config.status:1304: creating doc/devhelp/Makefile
config.status:1304: creating example/Makefile
config.status:1304: creating fuzz/Makefile
config.status:1304: creating python/Makefile
config.status:1304: creating python/tests/Makefile
config.status:1304: creating xstc/Makefile
config.status:1304: creating include/libxml/xmlversion.h
config.status:1304: creating libxml-2.0.pc
config.status:1304: creating libxml-2.0-uninstalled.pc
config.status:1304: creating libxml2-config.cmake
config.status:1304: creating python/setup.py
config.status:1304: creating xml2-config
config.status:1304: creating config.h
config.status:1485: config.h is unchanged
config.status:1533: executing depfiles commands
config.status:1610: cd .       && sed -e '/# am--include-marker/d' Makefile         | make -f - am--depfiles
make: Nothing to be done for 'am--depfiles'.
config.status:1615: $? = 0
config.status:1610: cd doc/examples       && sed -e '/# am--include-marker/d' Makefile         | make -f - am--depfiles
make: Nothing to be done for 'am--depfiles'.
config.status:1615: $? = 0
config.status:1610: cd example       && sed -e '/# am--include-marker/d' Makefile         | make -f - am--depfiles
make: Nothing to be done for 'am--depfiles'.
config.status:1615: $? = 0
config.status:1610: cd fuzz       && sed -e '/# am--include-marker/d' Makefile         | make -f - am--depfiles
make: Nothing to be done for 'am--depfiles'.
config.status:1615: $? = 0
config.status:1610: cd python       && sed -e '/# am--include-marker/d' Makefile         | make -f - am--depfiles
make: Nothing to be done for 'am--depfiles'.
config.status:1615: $? = 0
config.status:1533: executing libtool commands

## ---------------- ##
## Cache variables. ##
## ---------------- ##

ac_cv_build=x86_64-pc-linux-gnu
ac_cv_c_compiler_gnu=yes
ac_cv_c_uint32_t=yes
ac_cv_env_CC_set=
ac_cv_env_CC_value=
ac_cv_env_CFLAGS_set=
ac_cv_env_CFLAGS_value=
ac_cv_env_CPPFLAGS_set=
ac_cv_env_CPPFLAGS_value=
ac_cv_env_CPP_set=
ac_cv_env_CPP_value=
ac_cv_env_ICU_CFLAGS_set=
ac_cv_env_ICU_CFLAGS_value=
ac_cv_env_ICU_LIBS_set=
ac_cv_env_ICU_LIBS_value=
ac_cv_env_LDFLAGS_set=
ac_cv_env_LDFLAGS_value=
ac_cv_env_LIBS_set=
ac_cv_env_LIBS_value=
ac_cv_env_LT_SYS_LIBRARY_PATH_set=
ac_cv_env_LT_SYS_LIBRARY_PATH_value=
ac_cv_env_LZMA_CFLAGS_set=
ac_cv_env_LZMA_CFLAGS_value=
ac_cv_env_LZMA_LIBS_set=
ac_cv_env_LZMA_LIBS_value=
ac_cv_env_PKG_CONFIG_LIBDIR_set=
ac_cv_env_PKG_CONFIG_LIBDIR_value=
ac_cv_env_PKG_CONFIG_PATH_set=
ac_cv_env_PKG_CONFIG_PATH_value=
ac_cv_env_PKG_CONFIG_set=
ac_cv_env_PKG_CONFIG_value=
ac_cv_env_Z_CFLAGS_set=
ac_cv_env_Z_CFLAGS_value=
ac_cv_env_Z_LIBS_set=
ac_cv_env_Z_LIBS_value=
ac_cv_env_build_alias_set=
ac_cv_env_build_alias_value=
ac_cv_env_host_alias_set=
ac_cv_env_host_alias_value=
ac_cv_env_target_alias_set=
ac_cv_env_target_alias_value=
ac_cv_func_dlopen=no
ac_cv_func_fprintf=yes
ac_cv_func_ftime=yes
ac_cv_func_getaddrinfo=yes
ac_cv_func_gettimeofday=yes
ac_cv_func_isascii=yes
ac_cv_func_isinf=yes
ac_cv_func_isnan=yes
ac_cv_func_localtime=yes
ac_cv_func_mmap=yes
ac_cv_func_munmap=yes
ac_cv_func_printf=yes
ac_cv_func_putenv=yes
ac_cv_func_rand=yes
ac_cv_func_rand_r=yes
ac_cv_func_shl_load=no
ac_cv_func_signal=yes
ac_cv_func_snprintf=yes
ac_cv_func_sprintf=yes
ac_cv_func_srand=yes
ac_cv_func_sscanf=yes
ac_cv_func_stat=yes
ac_cv_func_strftime=yes
ac_cv_func_time=yes
ac_cv_func_vfprintf=yes
ac_cv_func_vsnprintf=yes
ac_cv_func_vsprintf=yes
ac_cv_header_arpa_inet_h=yes
ac_cv_header_arpa_nameser_h=yes
ac_cv_header_ctype_h=yes
ac_cv_header_dirent_dirent_h=yes
ac_cv_header_dirent_h=yes
ac_cv_header_dl_h=no
ac_cv_header_dlfcn_h=yes
ac_cv_header_errno_h=yes
ac_cv_header_fcntl_h=yes
ac_cv_header_float_h=yes
ac_cv_header_iconv_h=yes
ac_cv_header_inttypes_h=yes
ac_cv_header_limits_h=yes
ac_cv_header_malloc_h=yes
ac_cv_header_math_h=yes
ac_cv_header_memory_h=yes
ac_cv_header_netdb_h=yes
ac_cv_header_netinet_in_h=yes
ac_cv_header_poll_h=yes
ac_cv_header_pthread_h=yes
ac_cv_header_resolv_h=yes
ac_cv_header_signal_h=yes
ac_cv_header_stdarg_h=yes
ac_cv_header_stdc=yes
ac_cv_header_stdint_h=yes
ac_cv_header_stdlib_h=yes
ac_cv_header_string_h=yes
ac_cv_header_strings_h=yes
ac_cv_header_sys_mman_h=yes
ac_cv_header_sys_select_h=yes
ac_cv_header_sys_socket_h=yes
ac_cv_header_sys_stat_h=yes
ac_cv_header_sys_time_h=yes
ac_cv_header_sys_timeb_h=yes
ac_cv_header_sys_types_h=yes
ac_cv_header_time_h=yes
ac_cv_header_unistd_h=yes
ac_cv_header_zlib_h=yes
ac_cv_host=x86_64-pc-linux-gnu
ac_cv_lib_dl_dlopen=yes
ac_cv_lib_dld_shl_load=no
ac_cv_lib_pthread_pthread_join=yes
ac_cv_lib_z_gzread=yes
ac_cv_objext=o
ac_cv_path_EGREP='/usr/bin/grep -E'
ac_cv_path_FGREP='/usr/bin/grep -F'
ac_cv_path_GREP=/usr/bin/grep
ac_cv_path_MV=/usr/bin/mv
ac_cv_path_PERL=/usr/bin/perl
ac_cv_path_SED=/usr/bin/sed
ac_cv_path_TAR=/usr/bin/tar
ac_cv_path_WGET=/usr/bin/wget
ac_cv_path_XMLLINT=/usr/local/bin/xmllint
ac_cv_path_XSLTPROC=/usr/bin/xsltproc
ac_cv_path_ac_pt_PKG_CONFIG=/usr/bin/pkg-config
ac_cv_path_install='/usr/bin/install -c'
ac_cv_path_lt_DD=/usr/bin/dd
ac_cv_path_mkdir=/usr/bin/mkdir
ac_cv_prog_AWK=gawk
ac_cv_prog_CPP='gcc -E'
ac_cv_prog_ac_ct_AR=ar
ac_cv_prog_ac_ct_CC=gcc
ac_cv_prog_ac_ct_OBJDUMP=objdump
ac_cv_prog_ac_ct_RANLIB=ranlib
ac_cv_prog_ac_ct_STRIP=strip
ac_cv_prog_cc_c89=
ac_cv_prog_cc_g=yes
ac_cv_prog_make_make_set=yes
ac_cv_search_connect='none required'
ac_cv_search_gethostent='none required'
ac_cv_search_opendir='none required'
ac_cv_search_setsockopt='none required'
am_cv_CC_dependencies_compiler_type=gcc3
am_cv_make_support_nested_variables=yes
am_cv_prog_cc_c_o=yes
lt_cv_ar_at_file=@
lt_cv_archive_cmds_need_lc=no
lt_cv_deplibs_check_method=pass_all
lt_cv_file_magic_cmd='$MAGIC_CMD'
lt_cv_file_magic_test_file=
lt_cv_ld_reload_flag=-r
lt_cv_nm_interface='BSD nm'
lt_cv_objdir=.libs
lt_cv_path_LD=/usr/bin/ld
lt_cv_path_NM='/usr/bin/nm -B'
lt_cv_path_mainfest_tool=no
lt_cv_prog_compiler_c_o=yes
lt_cv_prog_compiler_pic='-fPIC -DPIC'
lt_cv_prog_compiler_pic_works=yes
lt_cv_prog_compiler_rtti_exceptions=no
lt_cv_prog_compiler_static_works=no
lt_cv_prog_gnu_ld=yes
lt_cv_sharedlib_from_linklib_cmd='printf %s\n'
lt_cv_shlibpath_overrides_runpath=no
lt_cv_sys_global_symbol_pipe='sed -n -e '\''s/^.*[	 ]\([ABCDGIRSTW][ABCDGIRSTW]*\)[	 ][	 ]*\([_A-Za-z][_A-Za-z0-9]*\)$/\1 \2 \2/p'\'' | sed '\''/ __gnu_lto/d'\'''
lt_cv_sys_global_symbol_to_c_name_address='sed -n -e '\''s/^: \(.*\) .*$/  {"\1", (void *) 0},/p'\'' -e '\''s/^[ABCDGIRSTW][ABCDGIRSTW]* .* \(.*\)$/  {"\1", (void *) \&\1},/p'\'''
lt_cv_sys_global_symbol_to_c_name_address_lib_prefix='sed -n -e '\''s/^: \(.*\) .*$/  {"\1", (void *) 0},/p'\'' -e '\''s/^[ABCDGIRSTW][ABCDGIRSTW]* .* \(lib.*\)$/  {"\1", (void *) \&\1},/p'\'' -e '\''s/^[ABCDGIRSTW][ABCDGIRSTW]* .* \(.*\)$/  {"lib\1", (void *) \&\1},/p'\'''
lt_cv_sys_global_symbol_to_cdecl='sed -n -e '\''s/^T .* \(.*\)$/extern int \1();/p'\'' -e '\''s/^[ABCDGIRSTW][ABCDGIRSTW]* .* \(.*\)$/extern char \1;/p'\'''
lt_cv_sys_global_symbol_to_import=
lt_cv_sys_max_cmd_len=1966080
lt_cv_to_host_file_cmd=func_convert_file_noop
lt_cv_to_tool_file_cmd=func_convert_file_noop
lt_cv_truncate_bin='/usr/bin/dd bs=4096 count=1'
pkg_cv_LZMA_CFLAGS=' '
pkg_cv_LZMA_LIBS='-llzma  '
xml_cv_iconv_arg2=
xml_cv_iconv_decl='extern size_t iconv (iconv_t cd,  char * *inbuf, size_t *inbytesleft, char * *outbuf, size_t *outbytesleft);'

## ----------------- ##
## Output variables. ##
## ----------------- ##

ACLOCAL='${SHELL} /home/ec2-user/Homenowa/libxml2-2.9.12/missing aclocal-1.16'
AMDEPBACKSLASH='\'
AMDEP_FALSE='#'
AMDEP_TRUE=''
AMTAR='$${TAR-tar}'
AM_BACKSLASH='\'
AM_DEFAULT_V='$(AM_DEFAULT_VERBOSITY)'
AM_DEFAULT_VERBOSITY='0'
AM_V='$(V)'
AR='ar'
AUTOCONF='${SHELL} /home/ec2-user/Homenowa/libxml2-2.9.12/missing autoconf'
AUTOHEADER='${SHELL} /home/ec2-user/Homenowa/libxml2-2.9.12/missing autoheader'
AUTOMAKE='${SHELL} /home/ec2-user/Homenowa/libxml2-2.9.12/missing automake-1.16'
AWK='gawk'
BASE_THREAD_LIBS='-lpthread'
C14N_OBJ='c14n.c'
CATALOG_OBJ='catalog.o'
CC='gcc'
CCDEPMODE='depmode=gcc3'
CFLAGS='-g -O2'
CPP='gcc -E'
CPPFLAGS=''
CYGPATH_W='echo'
CYGWIN_EXTRA_LDFLAGS=''
CYGWIN_EXTRA_PYTHON_LIBADD=''
DEBUG_OBJ='debugXML.o'
DEFS='-DHAVE_CONFIG_H'
DEPDIR='.deps'
DLLTOOL='false'
DOCB_OBJ='DOCBparser.o'
DSYMUTIL=''
DUMPBIN=''
ECHO_C=''
ECHO_N='-n'
ECHO_T=''
EGREP='/usr/bin/grep -E'
EXEEXT=''
EXTRA_CFLAGS=' -pedantic -Wall -Wextra -Wshadow -Wpointer-arith -Wcast-align -Wwrite-strings -Waggregate-return -Wstrict-prototypes -Wmissing-prototypes -Wnested-externs -Winline -Wredundant-decls -Wno-long-long -Wno-format-extra-args'
FGREP='/usr/bin/grep -F'
FTP_OBJ='nanoftp.o'
GREP='/usr/bin/grep'
HAVE_ISINF=''
HAVE_ISNAN=''
HTML_DIR='$(datadir)/doc/$(PACKAGE)-$(VERSION)/html'
HTML_OBJ='HTMLparser.o HTMLtree.o'
HTTP_OBJ='nanohttp.o'
ICONV_LIBS=''
ICU_CFLAGS=''
ICU_LIBS=''
INSTALL_DATA='${INSTALL} -m 644'
INSTALL_PROGRAM='${INSTALL}'
INSTALL_SCRIPT='${INSTALL}'
INSTALL_STRIP_PROGRAM='$(install_sh) -c -s'
LD='/usr/bin/ld -m elf_x86_64'
LDFLAGS=' -L/usr/lib'
LIBOBJS=''
LIBS=''
LIBTOOL='$(SHELL) $(top_builddir)/libtool'
LIBXML_MAJOR_VERSION='2'
LIBXML_MICRO_VERSION='12'
LIBXML_MINOR_VERSION='9'
LIBXML_VERSION='2.9.12'
LIBXML_VERSION_EXTRA=''
LIBXML_VERSION_INFO='11:12:9'
LIBXML_VERSION_NUMBER='20912'
LIPO=''
LN_S='ln -s'
LTLIBOBJS=''
LT_SYS_LIBRARY_PATH=''
LZMA_CFLAGS=' '
LZMA_LIBS='-llzma  '
MAINT=''
MAINTAINER_MODE_FALSE='#'
MAINTAINER_MODE_TRUE=''
MAKEINFO='${SHELL} /home/ec2-user/Homenowa/libxml2-2.9.12/missing makeinfo'
MANIFEST_TOOL=':'
MKDIR_P='/usr/bin/mkdir -p'
MODULE_EXTENSION='.so'
MODULE_PLATFORM_LIBS='-ldl'
MV='/usr/bin/mv'
M_LIBS='-lm'
NM='/usr/bin/nm -B'
NMEDIT=''
OBJDUMP='objdump'
OBJEXT='o'
OTOOL64=''
OTOOL=''
PACKAGE='libxml2'
PACKAGE_BUGREPORT=''
PACKAGE_NAME='libxml2'
PACKAGE_STRING='libxml2 2.9.12'
PACKAGE_TARNAME='libxml2'
PACKAGE_URL=''
PACKAGE_VERSION='2.9.12'
PATH_SEPARATOR=':'
PERL='/usr/bin/perl'
PKG_CONFIG='/usr/bin/pkg-config'
PKG_CONFIG_LIBDIR=''
PKG_CONFIG_PATH=''
PYTHON='/bin/python'
PYTHON_INCLUDES='/usr/include/python2.7'
PYTHON_LIBS='-lpython2.7 -lpthread -ldl -lutil -lm -Xlinker -export-dynamic'
PYTHON_SITE_PACKAGES='/usr/lib/python2.7/site-packages'
PYTHON_SUBDIR='python'
PYTHON_TESTS=' RelaxNGPythonTests SchemasPythonTests'
PYTHON_VERSION='2.7'
RANLIB='ranlib'
RDL_LIBS=''
READER_TEST='Readertests'
REBUILD_DOCS_FALSE=''
REBUILD_DOCS_TRUE='#'
RELDATE='Wed Jan 22 2025'
SED='/usr/bin/sed'
SET_MAKE=''
SHELL='/bin/sh'
STATIC_BINARIES=''
STRIP='strip'
TAR='/usr/bin/tar'
TEST_C14N='C14Ntests'
TEST_CATALOG='Catatests'
TEST_DEBUG='Scripttests'
TEST_HTML='HTMLtests'
TEST_MODULES='ModuleTests'
TEST_PATTERN='Patterntests'
TEST_PHTML='HTMLPushtests'
TEST_PUSH='XMLPushtests'
TEST_REGEXPS='Regexptests Automatatests'
TEST_SAX='SAXtests'
TEST_SCHEMAS='Schemastests Relaxtests'
TEST_SCHEMATRON='Schematrontests'
TEST_THREADS='Threadtests'
TEST_VALID='Validtests'
TEST_VTIME='VTimingtests'
TEST_XINCLUDE='XIncludetests'
TEST_XPATH='XPathtests'
TEST_XPTR='XPtrtests'
THREADS_W32_FALSE=''
THREADS_W32_TRUE='#'
THREAD_CFLAGS=' -D_REENTRANT'
THREAD_LIBS=''
USE_VERSION_SCRIPT_FALSE='#'
USE_VERSION_SCRIPT_TRUE=''
VERSION='2.9.12'
VERSION_SCRIPT_FLAGS='-Wl,--version-script='
WGET='/usr/bin/wget'
WIN32_EXTRA_LDFLAGS=''
WIN32_EXTRA_LIBADD=''
WIN32_EXTRA_PYTHON_LIBADD=''
WITH_C14N='1'
WITH_CATALOG='1'
WITH_DEBUG='1'
WITH_DOCB='1'
WITH_FTP='1'
WITH_HTML='1'
WITH_HTTP='1'
WITH_ICONV='1'
WITH_ICU='0'
WITH_ISO8859X='1'
WITH_LEGACY='1'
WITH_LZMA='1'
WITH_MEM_DEBUG='0'
WITH_MODULES='1'
WITH_OUTPUT='1'
WITH_PATTERN='1'
WITH_PUSH='1'
WITH_PYTHON_FALSE='#'
WITH_PYTHON_TRUE=''
WITH_READER='1'
WITH_REGEXPS='1'
WITH_RUN_DEBUG='0'
WITH_SAX1='1'
WITH_SAX1_SOURCES_FALSE=''
WITH_SAX1_SOURCES_TRUE='#'
WITH_SCHEMAS='1'
WITH_SCHEMATRON='1'
WITH_THREADS='1'
WITH_THREAD_ALLOC='0'
WITH_TREE='1'
WITH_TRIO='0'
WITH_TRIO_SOURCES_FALSE=''
WITH_TRIO_SOURCES_TRUE='#'
WITH_VALID='1'
WITH_WRITER='1'
WITH_XINCLUDE='1'
WITH_XPATH='1'
WITH_XPTR='1'
WITH_ZLIB='1'
XINCLUDE_OBJ='xinclude.o'
XMLLINT='/usr/local/bin/xmllint'
XML_CFLAGS=''
XML_INCLUDEDIR='-I${includedir}/libxml2'
XML_LIBDIR='-L${libdir}'
XML_LIBS='-lxml2'
XML_LIBTOOLLIBS='libxml2.la'
XML_PRIVATE_LIBS='-L/usr/lib -lz -llzma      -lm '
XPATH_OBJ='xpath.o'
XPTR_OBJ='xpointer.o'
XSLTPROC='/usr/bin/xsltproc'
Z_CFLAGS='-I/usr/include'
Z_LIBS='-L/usr/lib -lz'
ac_ct_AR='ar'
ac_ct_CC='gcc'
ac_ct_DUMPBIN=''
am__EXEEXT_FALSE=''
am__EXEEXT_TRUE='#'
am__fastdepCC_FALSE='#'
am__fastdepCC_TRUE=''
am__include='include'
am__isrc=''
am__leading_dot='.'
am__nodep='_no'
am__quote=''
am__tar='$${TAR-tar} chof - "$$tardir"'
am__untar='$${TAR-tar} xf -'
bindir='${exec_prefix}/bin'
build='x86_64-pc-linux-gnu'
build_alias=''
build_cpu='x86_64'
build_os='linux-gnu'
build_vendor='pc'
datadir='${datarootdir}'
datarootdir='${prefix}/share'
docdir='${datarootdir}/doc/${PACKAGE_TARNAME}'
dvidir='${docdir}'
exec_prefix='${prefix}'
host='x86_64-pc-linux-gnu'
host_alias=''
host_cpu='x86_64'
host_os='linux-gnu'
host_vendor='pc'
htmldir='${docdir}'
includedir='${prefix}/include'
infodir='${datarootdir}/info'
install_sh='${SHELL} /home/ec2-user/Homenowa/libxml2-2.9.12/install-sh'
libdir='${exec_prefix}/lib'
libexecdir='${exec_prefix}/libexec'
localedir='${datarootdir}/locale'
localstatedir='${prefix}/var'
mandir='${datarootdir}/man'
mkdir_p='$(MKDIR_P)'
oldincludedir='/usr/include'
pdfdir='${docdir}'
prefix='/usr/local'
program_transform_name='s,x,x,'
psdir='${docdir}'
pythondir='$(PYTHON_SITE_PACKAGES)'
sbindir='${exec_prefix}/sbin'
sharedstatedir='${prefix}/com'
sysconfdir='${prefix}/etc'
target_alias=''

## ----------- ##
## confdefs.h. ##
## ----------- ##

/* confdefs.h */
#define PACKAGE_NAME "libxml2"
#define PACKAGE_TARNAME "libxml2"
#define PACKAGE_VERSION "2.9.12"
#define PACKAGE_STRING "libxml2 2.9.12"
#define PACKAGE_BUGREPORT ""
#define PACKAGE_URL ""
#define PACKAGE "libxml2"
#define VERSION "2.9.12"
#define STDC_HEADERS 1
#define HAVE_SYS_TYPES_H 1
#define HAVE_SYS_STAT_H 1
#define HAVE_STDLIB_H 1
#define HAVE_STRING_H 1
#define HAVE_MEMORY_H 1
#define HAVE_STRINGS_H 1
#define HAVE_INTTYPES_H 1
#define HAVE_STDINT_H 1
#define HAVE_UNISTD_H 1
#define HAVE_DLFCN_H 1
#define LT_OBJDIR ".libs/"
#define HAVE_ZLIB_H 1
#define HAVE_DIRENT_H 1
#define STDC_HEADERS 1
#define HAVE_FCNTL_H 1
#define HAVE_UNISTD_H 1
#define HAVE_CTYPE_H 1
#define HAVE_DIRENT_H 1
#define HAVE_ERRNO_H 1
#define HAVE_MALLOC_H 1
#define HAVE_STDARG_H 1
#define HAVE_SYS_STAT_H 1
#define HAVE_SYS_TYPES_H 1
#define HAVE_STDINT_H 1
#define HAVE_INTTYPES_H 1
#define HAVE_TIME_H 1
#define HAVE_MATH_H 1
#define HAVE_LIMITS_H 1
#define HAVE_FLOAT_H 1
#define HAVE_STDLIB_H 1
#define HAVE_SYS_SOCKET_H 1
#define HAVE_NETINET_IN_H 1
#define HAVE_ARPA_INET_H 1
#define HAVE_NETDB_H 1
#define HAVE_SYS_TIME_H 1
#define HAVE_SYS_SELECT_H 1
#define HAVE_POLL_H 1
#define HAVE_SYS_MMAN_H 1
#define HAVE_SYS_TIMEB_H 1
#define HAVE_SIGNAL_H 1
#define HAVE_ARPA_NAMESER_H 1
#define HAVE_RESOLV_H 1
#define HAVE_DLFCN_H 1
#define HAVE_STRFTIME 1
#define HAVE_STRFTIME 1
#define HAVE_LOCALTIME 1
#define HAVE_GETTIMEOFDAY 1
#define HAVE_FTIME 1
#define HAVE_STAT 1
#define HAVE_SIGNAL 1
#define HAVE_RAND 1
#define HAVE_RAND_R 1
#define HAVE_SRAND 1
#define HAVE_TIME 1
#define HAVE_ISASCII 1
#define HAVE_MMAP 1
#define HAVE_MUNMAP 1
#define HAVE_PUTENV 1
#define HAVE_VA_COPY 1
#define VA_LIST_IS_ARRAY 1
#define XML_SOCKLEN_T socklen_t
#define GETHOSTBYNAME_ARG_CAST /**/
#define SEND_ARG2_CAST /**/
#define HAVE_ATTRIBUTE_DESTRUCTOR 1
#define ATTRIBUTE_DESTRUCTOR __attribute__((destructor))
#define SUPPORT_IP6 /**/
#define HAVE_GETADDRINFO /**/
#define HAVE_ISNAN /**/
#define HAVE_ISINF /**/
#define HAVE_DLOPEN /**/
#define HAVE_LIBPTHREAD /**/
#define HAVE_PTHREAD_H /**/
#define ICONV_CONST 
#define HAVE_PRINTF 1
#define HAVE_SPRINTF 1
#define HAVE_FPRINTF 1
#define HAVE_SNPRINTF 1
#define HAVE_VFPRINTF 1
#define HAVE_VSPRINTF 1
#define HAVE_VSNPRINTF 1
#define HAVE_SSCANF 1

configure: exit 0
